<?xml version="1.0" encoding="UTF-8"?>
<!-- Generated by org.testng.reporters.JUnitXMLReporter -->
<testsuite ignored="0" hostname="LAPTOP-5KMFOFH9" failures="0" tests="10" name="Default test" time="16.447" errors="0" timestamp="2025-04-02T21:48:00 IST">
  <testcase classname="com.TelecomProject.TelecomAPI" name="addNewUser" time="3.679"/>
  <testcase classname="com.TelecomProject.TelecomAPI" name="getProfile" time="2.269"/>
  <testcase classname="com.TelecomProject.TelecomAPI" name="updateUser" time="1.175"/>
  <testcase classname="com.TelecomProject.TelecomAPI" name="loginUser" time="1.352"/>
  <testcase classname="com.TelecomProject.TelecomAPI" name="addContact" time="1.178"/>
  <testcase classname="com.TelecomProject.TelecomAPI" name="getContactList" time="1.422"/>
  <testcase classname="com.TelecomProject.TelecomAPI" name="getContact" time="1.61"/>
  <testcase classname="com.TelecomProject.TelecomAPI" name="updateContact" time="1.155"/>
  <testcase classname="com.TelecomProject.TelecomAPI" name="updateContactpatch" time="1.255"/>
  <testcase classname="com.TelecomProject.TelecomAPI" name="logoutUser" time="1.284"/>
</testsuite> <!-- Default test -->
