<?xml version="1.0" encoding="UTF-8"?>
<!-- Generated by org.testng.reporters.JUnitXMLReporter -->
<testsuite ignored="0" hostname="DESKTOP-14J7IOF" failures="0" tests="10" name="Test" time="28.244" errors="0" timestamp="2025-04-05T19:57:07 IST">
  <testcase classname="com.TelecomProject.TelecomAPI" name="addNewUser" time="5.278"/>
  <testcase classname="com.TelecomProject.TelecomAPI" name="getProfile" time="2.554"/>
  <testcase classname="com.TelecomProject.TelecomAPI" name="updateUser" time="1.484"/>
  <testcase classname="com.TelecomProject.TelecomAPI" name="loginUser" time="2.524"/>
  <testcase classname="com.TelecomProject.TelecomAPI" name="addContact" time="1.171"/>
  <testcase classname="com.TelecomProject.TelecomAPI" name="getContactList" time="6.579"/>
  <testcase classname="com.TelecomProject.TelecomAPI" name="getContact" time="3.045"/>
  <testcase classname="com.TelecomProject.TelecomAPI" name="updateContact" time="2.582"/>
  <testcase classname="com.TelecomProject.TelecomAPI" name="updateContactpatch" time="1.762"/>
  <testcase classname="com.TelecomProject.TelecomAPI" name="logoutUser" time="1.139"/>
</testsuite> <!-- Test -->
