<?xml version="1.0" encoding="UTF-8"?>
<testng-results ignored="0" total="1" passed="1" failed="0" skipped="0">
  <reporter-output>
  </reporter-output>
  <suite started-at="2025-03-30T17:54:11 IST" name="Suite" finished-at="2025-03-30T17:54:38 IST" duration-ms="27109">
    <groups>
    </groups>
    <test started-at="2025-03-30T17:54:11 IST" name="Test" finished-at="2025-03-30T17:54:38 IST" duration-ms="27109">
      <class name="scenario2.POM_Client">
        <test-method is-config="true" signature="beforeTest()[pri:0, instance:scenario2.POM_Client@3b0090a4]" started-at="2025-03-30T17:54:11 IST" name="beforeTest" finished-at="2025-03-30T17:54:18 IST" duration-ms="7117" status="PASS">
          <reporter-output>
          </reporter-output>
        </test-method> <!-- beforeTest -->
        <test-method signature="testLogin_and_AdminPage()[pri:0, instance:scenario2.POM_Client@3b0090a4]" started-at="2025-03-30T17:54:18 IST" name="testLogin_and_AdminPage" finished-at="2025-03-30T17:54:38 IST" duration-ms="19937" status="PASS">
          <reporter-output>
          </reporter-output>
        </test-method> <!-- testLogin_and_AdminPage -->
        <test-method is-config="true" signature="afterTest()[pri:0, instance:scenario2.POM_Client@3b0090a4]" started-at="2025-03-30T17:54:38 IST" name="afterTest" finished-at="2025-03-30T17:54:38 IST" duration-ms="1" status="PASS">
          <reporter-output>
          </reporter-output>
        </test-method> <!-- afterTest -->
      </class> <!-- scenario2.POM_Client -->
    </test> <!-- Test -->
  </suite> <!-- Suite -->
</testng-results>
