<?xml version="1.0" encoding="UTF-8"?>
<testng-results ignored="0" total="10" passed="10" failed="0" skipped="0">
  <reporter-output>
  </reporter-output>
  <suite started-at="2025-04-05T19:56:38 IST" name="Suite" finished-at="2025-04-05T19:57:07 IST" duration-ms="28244">
    <groups>
    </groups>
    <test started-at="2025-04-05T19:56:38 IST" name="Test" finished-at="2025-04-05T19:57:07 IST" duration-ms="28244">
      <class name="com.TelecomProject.TelecomAPI">
        <test-method signature="addNewUser()[pri:1, instance:com.TelecomProject.TelecomAPI@443118b0]" started-at="2025-04-05T19:56:39 IST" name="addNewUser" finished-at="2025-04-05T19:56:44 IST" duration-ms="5278" status="PASS">
          <reporter-output>
          </reporter-output>
        </test-method> <!-- addNewUser -->
        <test-method signature="getProfile()[pri:2, instance:com.TelecomProject.TelecomAPI@443118b0]" started-at="2025-04-05T19:56:44 IST" name="getProfile" finished-at="2025-04-05T19:56:46 IST" depends-on-methods="com.TelecomProject.TelecomAPI.addNewUser" duration-ms="2554" status="PASS">
          <reporter-output>
          </reporter-output>
        </test-method> <!-- getProfile -->
        <test-method signature="updateUser()[pri:3, instance:com.TelecomProject.TelecomAPI@443118b0]" started-at="2025-04-05T19:56:46 IST" name="updateUser" finished-at="2025-04-05T19:56:48 IST" duration-ms="1484" status="PASS">
          <reporter-output>
          </reporter-output>
        </test-method> <!-- updateUser -->
        <test-method signature="loginUser()[pri:4, instance:com.TelecomProject.TelecomAPI@443118b0]" started-at="2025-04-05T19:56:48 IST" name="loginUser" finished-at="2025-04-05T19:56:50 IST" duration-ms="2524" status="PASS">
          <reporter-output>
          </reporter-output>
        </test-method> <!-- loginUser -->
        <test-method signature="addContact()[pri:5, instance:com.TelecomProject.TelecomAPI@443118b0]" started-at="2025-04-05T19:56:50 IST" name="addContact" finished-at="2025-04-05T19:56:52 IST" duration-ms="1171" status="PASS">
          <reporter-output>
          </reporter-output>
        </test-method> <!-- addContact -->
        <test-method signature="getContactList()[pri:6, instance:com.TelecomProject.TelecomAPI@443118b0]" started-at="2025-04-05T19:56:52 IST" name="getContactList" finished-at="2025-04-05T19:56:58 IST" duration-ms="6579" status="PASS">
          <reporter-output>
          </reporter-output>
        </test-method> <!-- getContactList -->
        <test-method signature="getContact()[pri:7, instance:com.TelecomProject.TelecomAPI@443118b0]" started-at="2025-04-05T19:56:58 IST" name="getContact" finished-at="2025-04-05T19:57:01 IST" duration-ms="3045" status="PASS">
          <reporter-output>
          </reporter-output>
        </test-method> <!-- getContact -->
        <test-method signature="updateContact()[pri:8, instance:com.TelecomProject.TelecomAPI@443118b0]" started-at="2025-04-05T19:57:01 IST" name="updateContact" finished-at="2025-04-05T19:57:04 IST" duration-ms="2582" status="PASS">
          <reporter-output>
          </reporter-output>
        </test-method> <!-- updateContact -->
        <test-method signature="updateContactpatch()[pri:9, instance:com.TelecomProject.TelecomAPI@443118b0]" started-at="2025-04-05T19:57:04 IST" name="updateContactpatch" finished-at="2025-04-05T19:57:06 IST" duration-ms="1762" status="PASS">
          <reporter-output>
          </reporter-output>
        </test-method> <!-- updateContactpatch -->
        <test-method signature="logoutUser()[pri:10, instance:com.TelecomProject.TelecomAPI@443118b0]" started-at="2025-04-05T19:57:06 IST" name="logoutUser" finished-at="2025-04-05T19:57:07 IST" duration-ms="1139" status="PASS">
          <reporter-output>
          </reporter-output>
        </test-method> <!-- logoutUser -->
      </class> <!-- com.TelecomProject.TelecomAPI -->
    </test> <!-- Test -->
  </suite> <!-- Suite -->
</testng-results>
