<?xml version="1.0" encoding="UTF-8"?>
<!-- Generated by org.testng.reporters.JUnitReportReporter -->
<testsuite hostname="DESKTOP-14J7IOF" failures="0" tests="5" name="scenario1.DataDrivenTest" time="79.977" errors="0" timestamp="2025-03-30T16:40:04 IST" skipped="0">
  <testcase classname="scenario1.DataDrivenTest" name="testdatadriven" time="14.878"/>
  <system-out/>
  <testcase classname="scenario1.DataDrivenTest" name="testdatadriven" time="16.040"/>
  <system-out/>
  <testcase classname="scenario1.DataDrivenTest" name="testdatadriven" time="17.718"/>
  <system-out/>
  <testcase classname="scenario1.DataDrivenTest" name="testdatadriven" time="15.490"/>
  <system-out/>
  <testcase classname="scenario1.DataDrivenTest" name="testdatadriven" time="15.851"/>
  <system-out/>
</testsuite> <!-- scenario1.DataDrivenTest -->
