<?xml version="1.0" encoding="UTF-8"?>
<!-- Generated by org.testng.reporters.JUnitReportReporter -->
<testsuite hostname="DESKTOP-14J7IOF" failures="0" tests="2" name="com.TestCases.CartPageTest" time="3.269" errors="0" timestamp="2025-03-30T22:16:48 IST" skipped="0">
  <testcase classname="com.TestCases.CartPageTest" name="getProductDetails" time="1.395"/>
  <system-out/>
  <testcase classname="com.TestCases.CartPageTest" name="validateOrder" time="1.874"/>
  <system-out/>
</testsuite> <!-- com.TestCases.CartPageTest -->
